<?xml version="1.0"?>
<!DOCTYPE coverage SYSTEM "http://cobertura.sourceforge.net/xml/coverage-04.dtd">
<coverage line-rate="0.1727574750830565" branch-rate="1.0000000000000000" lines-covered="156" lines-valid="903" branches-covered="0" branches-valid="0" complexity="0.0" timestamp="1540512661" version="Slather 2.4.6">
  <sources>
    <source>/Users/keefer/tezos/TezosKitSwift/TezosKit</source>
  </sources>
  <packages>
    <package name="Base58String" line-rate="0.9729729729729730" branch-rate="1.0000000000000000" complexity="0.0">
      <classes>
        <class name="Base58String" filename="Base58String/Base58String.swift" line-rate="0.9729729729729730" branch-rate="1.0000000000000000" complexity="0.0">
          <methods/>
          <lines>
            <line number="11" branch="false" hits="5"/>
            <line number="12" branch="false" hits="5"/>
            <line number="13" branch="false" hits="5"/>
            <line number="14" branch="false" hits="5"/>
            <line number="15" branch="false" hits="5"/>
            <line number="16" branch="false" hits="5"/>
            <line number="17" branch="false" hits="5"/>
            <line number="18" branch="false" hits="283"/>
            <line number="19" branch="false" hits="278"/>
            <line number="20" branch="false" hits="278"/>
            <line number="21" branch="false" hits="278"/>
            <line number="22" branch="false" hits="278"/>
            <line number="23" branch="false" hits="5"/>
            <line number="24" branch="false" hits="5"/>
            <line number="25" branch="false" hits="5"/>
            <line number="26" branch="false" hits="5"/>
            <line number="27" branch="false" hits="5"/>
            <line number="28" branch="false" hits="5"/>
            <line number="29" branch="false" hits="5"/>
            <line number="35" branch="false" hits="2"/>
            <line number="36" branch="false" hits="2"/>
            <line number="37" branch="false" hits="2"/>
            <line number="38" branch="false" hits="2"/>
            <line number="39" branch="false" hits="2"/>
            <line number="40" branch="false" hits="2"/>
            <line number="41" branch="false" hits="196"/>
            <line number="42" branch="false" hits="196"/>
            <line number="43" branch="false" hits="196"/>
            <line number="44" branch="false" hits="196"/>
            <line number="45" branch="false" hits="196"/>
            <line number="46" branch="false" hits="0"/>
            <line number="47" branch="false" hits="196"/>
            <line number="48" branch="false" hits="196"/>
            <line number="49" branch="false" hits="2"/>
            <line number="50" branch="false" hits="2"/>
            <line number="51" branch="false" hits="2"/>
            <line number="52" branch="false" hits="2"/>
          </lines>
        </class>
      </classes>
    </package>
    <package name="Sources.App" line-rate="0.3719512195121951" branch-rate="1.0000000000000000" complexity="0.0">
      <classes>
        <class name="AppDelegate" filename="Sources/App/AppDelegate.swift" line-rate="0.3719512195121951" branch-rate="1.0000000000000000" complexity="0.0">
          <methods/>
          <lines>
            <line number="8" branch="false" hits="1"/>
            <line number="9" branch="false" hits="1"/>
            <line number="10" branch="false" hits="1"/>
            <line number="11" branch="false" hits="1"/>
            <line number="12" branch="false" hits="1"/>
            <line number="13" branch="false" hits="1"/>
            <line number="14" branch="false" hits="1"/>
            <line number="15" branch="false" hits="1"/>
            <line number="16" branch="false" hits="1"/>
            <line number="17" branch="false" hits="1"/>
            <line number="19" branch="false" hits="0"/>
            <line number="20" branch="false" hits="0"/>
            <line number="21" branch="false" hits="0"/>
            <line number="22" branch="false" hits="0"/>
            <line number="23" branch="false" hits="0"/>
            <line number="24" branch="false" hits="0"/>
            <line number="25" branch="false" hits="0"/>
            <line number="26" branch="false" hits="0"/>
            <line number="27" branch="false" hits="0"/>
            <line number="28" branch="false" hits="0"/>
            <line number="29" branch="false" hits="0"/>
            <line number="30" branch="false" hits="0"/>
            <line number="31" branch="false" hits="0"/>
            <line number="32" branch="false" hits="0"/>
            <line number="33" branch="false" hits="0"/>
            <line number="34" branch="false" hits="0"/>
            <line number="35" branch="false" hits="0"/>
            <line number="36" branch="false" hits="0"/>
            <line number="37" branch="false" hits="0"/>
            <line number="38" branch="false" hits="0"/>
            <line number="39" branch="false" hits="0"/>
            <line number="40" branch="false" hits="0"/>
            <line number="41" branch="false" hits="0"/>
            <line number="42" branch="false" hits="0"/>
            <line number="43" branch="false" hits="0"/>
            <line number="44" branch="false" hits="0"/>
            <line number="45" branch="false" hits="0"/>
            <line number="46" branch="false" hits="0"/>
            <line number="47" branch="false" hits="0"/>
            <line number="48" branch="false" hits="0"/>
            <line number="49" branch="false" hits="0"/>
            <line number="50" branch="false" hits="0"/>
            <line number="51" branch="false" hits="0"/>
            <line number="53" branch="false" hits="0"/>
            <line number="54" branch="false" hits="0"/>
            <line number="55" branch="false" hits="0"/>
            <line number="56" branch="false" hits="0"/>
            <line number="57" branch="false" hits="0"/>
            <line number="58" branch="false" hits="0"/>
            <line number="59" branch="false" hits="0"/>
            <line number="60" branch="false" hits="0"/>
            <line number="61" branch="false" hits="0"/>
            <line number="62" branch="false" hits="0"/>
            <line number="63" branch="false" hits="0"/>
            <line number="64" branch="false" hits="0"/>
            <line number="65" branch="false" hits="0"/>
            <line number="66" branch="false" hits="0"/>
            <line number="67" branch="false" hits="0"/>
            <line number="68" branch="false" hits="0"/>
            <line number="69" branch="false" hits="0"/>
            <line number="70" branch="false" hits="0"/>
            <line number="71" branch="false" hits="0"/>
            <line number="72" branch="false" hits="0"/>
            <line number="73" branch="false" hits="0"/>
            <line number="74" branch="false" hits="0"/>
            <line number="75" branch="false" hits="0"/>
            <line number="76" branch="false" hits="0"/>
            <line number="77" branch="false" hits="0"/>
            <line number="78" branch="false" hits="0"/>
            <line number="79" branch="false" hits="0"/>
            <line number="80" branch="false" hits="0"/>
            <line number="81" branch="false" hits="0"/>
            <line number="82" branch="false" hits="0"/>
            <line number="84" branch="false" hits="1"/>
            <line number="85" branch="false" hits="1"/>
            <line number="86" branch="false" hits="1"/>
            <line number="87" branch="false" hits="1"/>
            <line number="88" branch="false" hits="1"/>
            <line number="89" branch="false" hits="1"/>
            <line number="90" branch="false" hits="1"/>
            <line number="91" branch="false" hits="1"/>
            <line number="92" branch="false" hits="1"/>
            <line number="93" branch="false" hits="1"/>
            <line number="94" branch="false" hits="1"/>
            <line number="95" branch="false" hits="1"/>
            <line number="96" branch="false" hits="0"/>
            <line number="97" branch="false" hits="0"/>
            <line number="98" branch="false" hits="1"/>
            <line number="99" branch="false" hits="1"/>
            <line number="100" branch="false" hits="1"/>
            <line number="101" branch="false" hits="1"/>
            <line number="102" branch="false" hits="1"/>
            <line number="103" branch="false" hits="1"/>
            <line number="104" branch="false" hits="1"/>
            <line number="105" branch="false" hits="1"/>
            <line number="106" branch="false" hits="1"/>
            <line number="107" branch="false" hits="1"/>
            <line number="108" branch="false" hits="1"/>
            <line number="109" branch="false" hits="1"/>
            <line number="110" branch="false" hits="1"/>
            <line number="111" branch="false" hits="1"/>
            <line number="112" branch="false" hits="1"/>
            <line number="113" branch="false" hits="1"/>
            <line number="114" branch="false" hits="1"/>
            <line number="115" branch="false" hits="1"/>
            <line number="116" branch="false" hits="1"/>
            <line number="117" branch="false" hits="1"/>
            <line number="118" branch="false" hits="1"/>
            <line number="119" branch="false" hits="1"/>
            <line number="120" branch="false" hits="1"/>
            <line number="121" branch="false" hits="1"/>
            <line number="122" branch="false" hits="1"/>
            <line number="123" branch="false" hits="0"/>
            <line number="124" branch="false" hits="0"/>
            <line number="125" branch="false" hits="1"/>
            <line number="126" branch="false" hits="1"/>
            <line number="127" branch="false" hits="1"/>
            <line number="128" branch="false" hits="1"/>
            <line number="129" branch="false" hits="1"/>
            <line number="130" branch="false" hits="1"/>
            <line number="131" branch="false" hits="1"/>
            <line number="132" branch="false" hits="1"/>
            <line number="133" branch="false" hits="1"/>
            <line number="134" branch="false" hits="1"/>
            <line number="135" branch="false" hits="1"/>
            <line number="136" branch="false" hits="1"/>
            <line number="137" branch="false" hits="1"/>
            <line number="138" branch="false" hits="1"/>
            <line number="140" branch="false" hits="0"/>
            <line number="141" branch="false" hits="0"/>
            <line number="142" branch="false" hits="0"/>
            <line number="143" branch="false" hits="0"/>
            <line number="144" branch="false" hits="0"/>
            <line number="145" branch="false" hits="0"/>
            <line number="146" branch="false" hits="0"/>
            <line number="147" branch="false" hits="0"/>
            <line number="148" branch="false" hits="0"/>
            <line number="149" branch="false" hits="0"/>
            <line number="150" branch="false" hits="0"/>
            <line number="151" branch="false" hits="0"/>
            <line number="152" branch="false" hits="0"/>
            <line number="153" branch="false" hits="0"/>
            <line number="154" branch="false" hits="0"/>
            <line number="155" branch="false" hits="0"/>
            <line number="156" branch="false" hits="0"/>
            <line number="158" branch="false" hits="0"/>
            <line number="159" branch="false" hits="0"/>
            <line number="160" branch="false" hits="0"/>
            <line number="161" branch="false" hits="0"/>
            <line number="162" branch="false" hits="0"/>
            <line number="163" branch="false" hits="0"/>
            <line number="164" branch="false" hits="0"/>
            <line number="165" branch="false" hits="0"/>
            <line number="166" branch="false" hits="0"/>
            <line number="167" branch="false" hits="0"/>
            <line number="168" branch="false" hits="0"/>
            <line number="169" branch="false" hits="0"/>
            <line number="170" branch="false" hits="0"/>
            <line number="171" branch="false" hits="0"/>
            <line number="172" branch="false" hits="0"/>
            <line number="173" branch="false" hits="0"/>
            <line number="174" branch="false" hits="0"/>
            <line number="175" branch="false" hits="0"/>
            <line number="176" branch="false" hits="0"/>
          </lines>
        </class>
      </classes>
    </package>
    <package name="Sources.Client" line-rate="0.0000000000000000" branch-rate="1.0000000000000000" complexity="0.0">
      <classes>
        <class name="TezosClient" filename="Sources/Client/TezosClient.swift" line-rate="0.0000000000000000" branch-rate="1.0000000000000000" complexity="0.0">
          <methods/>
          <lines>
            <line number="67" branch="false" hits="0"/>
            <line number="68" branch="false" hits="0"/>
            <line number="69" branch="false" hits="0"/>
            <line number="76" branch="false" hits="0"/>
            <line number="77" branch="false" hits="0"/>
            <line number="78" branch="false" hits="0"/>
            <line number="79" branch="false" hits="0"/>
            <line number="82" branch="false" hits="0"/>
            <line number="83" branch="false" hits="0"/>
            <line number="84" branch="false" hits="0"/>
            <line number="85" branch="false" hits="0"/>
            <line number="88" branch="false" hits="0"/>
            <line number="89" branch="false" hits="0"/>
            <line number="90" branch="false" hits="0"/>
            <line number="93" branch="false" hits="0"/>
            <line number="94" branch="false" hits="0"/>
            <line number="95" branch="false" hits="0"/>
            <line number="96" branch="false" hits="0"/>
            <line number="99" branch="false" hits="0"/>
            <line number="100" branch="false" hits="0"/>
            <line number="101" branch="false" hits="0"/>
            <line number="104" branch="false" hits="0"/>
            <line number="105" branch="false" hits="0"/>
            <line number="106" branch="false" hits="0"/>
            <line number="107" branch="false" hits="0"/>
            <line number="110" branch="false" hits="0"/>
            <line number="111" branch="false" hits="0"/>
            <line number="112" branch="false" hits="0"/>
            <line number="113" branch="false" hits="0"/>
            <line number="116" branch="false" hits="0"/>
            <line number="117" branch="false" hits="0"/>
            <line number="118" branch="false" hits="0"/>
            <line number="119" branch="false" hits="0"/>
            <line number="122" branch="false" hits="0"/>
            <line number="123" branch="false" hits="0"/>
            <line number="124" branch="false" hits="0"/>
            <line number="125" branch="false" hits="0"/>
            <line number="141" branch="false" hits="0"/>
            <line number="142" branch="false" hits="0"/>
            <line number="143" branch="false" hits="0"/>
            <line number="144" branch="false" hits="0"/>
            <line number="145" branch="false" hits="0"/>
            <line number="146" branch="false" hits="0"/>
            <line number="147" branch="false" hits="0"/>
            <line number="148" branch="false" hits="0"/>
            <line number="168" branch="false" hits="0"/>
            <line number="169" branch="false" hits="0"/>
            <line number="170" branch="false" hits="0"/>
            <line number="171" branch="false" hits="0"/>
            <line number="172" branch="false" hits="0"/>
            <line number="173" branch="false" hits="0"/>
            <line number="174" branch="false" hits="0"/>
            <line number="185" branch="false" hits="0"/>
            <line number="186" branch="false" hits="0"/>
            <line number="187" branch="false" hits="0"/>
            <line number="188" branch="false" hits="0"/>
            <line number="189" branch="false" hits="0"/>
            <line number="190" branch="false" hits="0"/>
            <line number="191" branch="false" hits="0"/>
            <line number="204" branch="false" hits="0"/>
            <line number="205" branch="false" hits="0"/>
            <line number="206" branch="false" hits="0"/>
            <line number="207" branch="false" hits="0"/>
            <line number="208" branch="false" hits="0"/>
            <line number="209" branch="false" hits="0"/>
            <line number="224" branch="false" hits="0"/>
            <line number="225" branch="false" hits="0"/>
            <line number="226" branch="false" hits="0"/>
            <line number="227" branch="false" hits="0"/>
            <line number="228" branch="false" hits="0"/>
            <line number="229" branch="false" hits="0"/>
            <line number="230" branch="false" hits="0"/>
            <line number="231" branch="false" hits="0"/>
            <line number="232" branch="false" hits="0"/>
            <line number="233" branch="false" hits="0"/>
            <line number="234" branch="false" hits="0"/>
            <line number="235" branch="false" hits="0"/>
            <line number="236" branch="false" hits="0"/>
            <line number="237" branch="false" hits="0"/>
            <line number="238" branch="false" hits="0"/>
            <line number="239" branch="false" hits="0"/>
            <line number="240" branch="false" hits="0"/>
            <line number="241" branch="false" hits="0"/>
            <line number="242" branch="false" hits="0"/>
            <line number="243" branch="false" hits="0"/>
            <line number="244" branch="false" hits="0"/>
            <line number="245" branch="false" hits="0"/>
            <line number="246" branch="false" hits="0"/>
            <line number="247" branch="false" hits="0"/>
            <line number="248" branch="false" hits="0"/>
            <line number="249" branch="false" hits="0"/>
            <line number="250" branch="false" hits="0"/>
            <line number="251" branch="false" hits="0"/>
            <line number="252" branch="false" hits="0"/>
            <line number="253" branch="false" hits="0"/>
            <line number="254" branch="false" hits="0"/>
            <line number="255" branch="false" hits="0"/>
            <line number="256" branch="false" hits="0"/>
            <line number="257" branch="false" hits="0"/>
            <line number="258" branch="false" hits="0"/>
            <line number="259" branch="false" hits="0"/>
            <line number="260" branch="false" hits="0"/>
            <line number="261" branch="false" hits="0"/>
            <line number="262" branch="false" hits="0"/>
            <line number="263" branch="false" hits="0"/>
            <line number="264" branch="false" hits="0"/>
            <line number="265" branch="false" hits="0"/>
            <line number="266" branch="false" hits="0"/>
            <line number="267" branch="false" hits="0"/>
            <line number="268" branch="false" hits="0"/>
            <line number="269" branch="false" hits="0"/>
            <line number="270" branch="false" hits="0"/>
            <line number="271" branch="false" hits="0"/>
            <line number="272" branch="false" hits="0"/>
            <line number="273" branch="false" hits="0"/>
            <line number="274" branch="false" hits="0"/>
            <line number="275" branch="false" hits="0"/>
            <line number="276" branch="false" hits="0"/>
            <line number="277" branch="false" hits="0"/>
            <line number="278" branch="false" hits="0"/>
            <line number="279" branch="false" hits="0"/>
            <line number="280" branch="false" hits="0"/>
            <line number="281" branch="false" hits="0"/>
            <line number="282" branch="false" hits="0"/>
            <line number="283" branch="false" hits="0"/>
            <line number="284" branch="false" hits="0"/>
            <line number="301" branch="false" hits="0"/>
            <line number="302" branch="false" hits="0"/>
            <line number="303" branch="false" hits="0"/>
            <line number="304" branch="false" hits="0"/>
            <line number="305" branch="false" hits="0"/>
            <line number="306" branch="false" hits="0"/>
            <line number="307" branch="false" hits="0"/>
            <line number="308" branch="false" hits="0"/>
            <line number="309" branch="false" hits="0"/>
            <line number="310" branch="false" hits="0"/>
            <line number="311" branch="false" hits="0"/>
            <line number="312" branch="false" hits="0"/>
            <line number="313" branch="false" hits="0"/>
            <line number="314" branch="false" hits="0"/>
            <line number="315" branch="false" hits="0"/>
            <line number="316" branch="false" hits="0"/>
            <line number="317" branch="false" hits="0"/>
            <line number="318" branch="false" hits="0"/>
            <line number="319" branch="false" hits="0"/>
            <line number="320" branch="false" hits="0"/>
            <line number="321" branch="false" hits="0"/>
            <line number="322" branch="false" hits="0"/>
            <line number="323" branch="false" hits="0"/>
            <line number="324" branch="false" hits="0"/>
            <line number="325" branch="false" hits="0"/>
            <line number="339" branch="false" hits="0"/>
            <line number="340" branch="false" hits="0"/>
            <line number="341" branch="false" hits="0"/>
            <line number="342" branch="false" hits="0"/>
            <line number="343" branch="false" hits="0"/>
            <line number="344" branch="false" hits="0"/>
            <line number="345" branch="false" hits="0"/>
            <line number="346" branch="false" hits="0"/>
            <line number="347" branch="false" hits="0"/>
            <line number="348" branch="false" hits="0"/>
            <line number="349" branch="false" hits="0"/>
            <line number="350" branch="false" hits="0"/>
            <line number="351" branch="false" hits="0"/>
            <line number="352" branch="false" hits="0"/>
            <line number="360" branch="false" hits="0"/>
            <line number="361" branch="false" hits="0"/>
            <line number="362" branch="false" hits="0"/>
            <line number="363" branch="false" hits="0"/>
            <line number="364" branch="false" hits="0"/>
            <line number="365" branch="false" hits="0"/>
            <line number="366" branch="false" hits="0"/>
            <line number="371" branch="false" hits="0"/>
            <line number="372" branch="false" hits="0"/>
            <line number="373" branch="false" hits="0"/>
            <line number="374" branch="false" hits="0"/>
            <line number="375" branch="false" hits="0"/>
            <line number="376" branch="false" hits="0"/>
            <line number="377" branch="false" hits="0"/>
            <line number="378" branch="false" hits="0"/>
            <line number="379" branch="false" hits="0"/>
            <line number="380" branch="false" hits="0"/>
            <line number="381" branch="false" hits="0"/>
            <line number="382" branch="false" hits="0"/>
            <line number="383" branch="false" hits="0"/>
            <line number="384" branch="false" hits="0"/>
            <line number="385" branch="false" hits="0"/>
            <line number="386" branch="false" hits="0"/>
            <line number="387" branch="false" hits="0"/>
            <line number="388" branch="false" hits="0"/>
            <line number="389" branch="false" hits="0"/>
            <line number="390" branch="false" hits="0"/>
            <line number="391" branch="false" hits="0"/>
            <line number="392" branch="false" hits="0"/>
            <line number="393" branch="false" hits="0"/>
            <line number="394" branch="false" hits="0"/>
            <line number="395" branch="false" hits="0"/>
            <line number="396" branch="false" hits="0"/>
            <line number="397" branch="false" hits="0"/>
            <line number="398" branch="false" hits="0"/>
            <line number="399" branch="false" hits="0"/>
            <line number="400" branch="false" hits="0"/>
            <line number="401" branch="false" hits="0"/>
            <line number="402" branch="false" hits="0"/>
            <line number="403" branch="false" hits="0"/>
            <line number="404" branch="false" hits="0"/>
            <line number="405" branch="false" hits="0"/>
            <line number="406" branch="false" hits="0"/>
            <line number="407" branch="false" hits="0"/>
            <line number="408" branch="false" hits="0"/>
            <line number="409" branch="false" hits="0"/>
            <line number="410" branch="false" hits="0"/>
            <line number="411" branch="false" hits="0"/>
            <line number="412" branch="false" hits="0"/>
            <line number="413" branch="false" hits="0"/>
            <line number="414" branch="false" hits="0"/>
            <line number="415" branch="false" hits="0"/>
            <line number="416" branch="false" hits="0"/>
            <line number="417" branch="false" hits="0"/>
            <line number="418" branch="false" hits="0"/>
            <line number="419" branch="false" hits="0"/>
            <line number="420" branch="false" hits="0"/>
            <line number="421" branch="false" hits="0"/>
            <line number="422" branch="false" hits="0"/>
            <line number="423" branch="false" hits="0"/>
            <line number="431" branch="false" hits="0"/>
            <line number="432" branch="false" hits="0"/>
            <line number="433" branch="false" hits="0"/>
            <line number="434" branch="false" hits="0"/>
            <line number="435" branch="false" hits="0"/>
            <line number="436" branch="false" hits="0"/>
            <line number="437" branch="false" hits="0"/>
            <line number="438" branch="false" hits="0"/>
            <line number="439" branch="false" hits="0"/>
            <line number="440" branch="false" hits="0"/>
            <line number="441" branch="false" hits="0"/>
            <line number="442" branch="false" hits="0"/>
            <line number="443" branch="false" hits="0"/>
            <line number="444" branch="false" hits="0"/>
            <line number="445" branch="false" hits="0"/>
            <line number="446" branch="false" hits="0"/>
            <line number="447" branch="false" hits="0"/>
            <line number="448" branch="false" hits="0"/>
            <line number="449" branch="false" hits="0"/>
            <line number="450" branch="false" hits="0"/>
            <line number="451" branch="false" hits="0"/>
            <line number="452" branch="false" hits="0"/>
            <line number="453" branch="false" hits="0"/>
            <line number="454" branch="false" hits="0"/>
            <line number="455" branch="false" hits="0"/>
            <line number="456" branch="false" hits="0"/>
            <line number="457" branch="false" hits="0"/>
            <line number="458" branch="false" hits="0"/>
            <line number="459" branch="false" hits="0"/>
            <line number="460" branch="false" hits="0"/>
            <line number="461" branch="false" hits="0"/>
            <line number="462" branch="false" hits="0"/>
            <line number="463" branch="false" hits="0"/>
            <line number="464" branch="false" hits="0"/>
            <line number="465" branch="false" hits="0"/>
            <line number="466" branch="false" hits="0"/>
            <line number="467" branch="false" hits="0"/>
            <line number="468" branch="false" hits="0"/>
            <line number="469" branch="false" hits="0"/>
            <line number="470" branch="false" hits="0"/>
            <line number="471" branch="false" hits="0"/>
            <line number="472" branch="false" hits="0"/>
            <line number="473" branch="false" hits="0"/>
            <line number="474" branch="false" hits="0"/>
            <line number="475" branch="false" hits="0"/>
            <line number="476" branch="false" hits="0"/>
            <line number="477" branch="false" hits="0"/>
            <line number="478" branch="false" hits="0"/>
            <line number="479" branch="false" hits="0"/>
            <line number="480" branch="false" hits="0"/>
            <line number="481" branch="false" hits="0"/>
            <line number="482" branch="false" hits="0"/>
            <line number="483" branch="false" hits="0"/>
            <line number="484" branch="false" hits="0"/>
            <line number="485" branch="false" hits="0"/>
            <line number="486" branch="false" hits="0"/>
            <line number="487" branch="false" hits="0"/>
            <line number="488" branch="false" hits="0"/>
            <line number="489" branch="false" hits="0"/>
            <line number="490" branch="false" hits="0"/>
            <line number="491" branch="false" hits="0"/>
            <line number="492" branch="false" hits="0"/>
            <line number="493" branch="false" hits="0"/>
            <line number="494" branch="false" hits="0"/>
          </lines>
        </class>
        <class name="TezosClientErrorCodes" filename="Sources/Client/TezosClientErrorCodes.swift" line-rate="0.0000000000000000" branch-rate="1.0000000000000000" complexity="0.0">
          <methods/>
          <lines>
            <line number="26" branch="false" hits="0"/>
            <line number="27" branch="false" hits="0"/>
            <line number="28" branch="false" hits="0"/>
            <line number="29" branch="false" hits="0"/>
            <line number="30" branch="false" hits="0"/>
            <line number="31" branch="false" hits="0"/>
            <line number="32" branch="false" hits="0"/>
            <line number="33" branch="false" hits="0"/>
          </lines>
        </class>
      </classes>
    </package>
    <package name="Sources.Cryptography" line-rate="0.2500000000000000" branch-rate="1.0000000000000000" complexity="0.0">
      <classes>
        <class name="Crypto" filename="Sources/Cryptography/Crypto.swift" line-rate="0.2500000000000000" branch-rate="1.0000000000000000" complexity="0.0">
          <methods/>
          <lines>
            <line number="26" branch="false" hits="1"/>
            <line number="27" branch="false" hits="1"/>
            <line number="28" branch="false" hits="0"/>
            <line number="29" branch="false" hits="1"/>
            <line number="30" branch="false" hits="1"/>
            <line number="31" branch="false" hits="1"/>
            <line number="37" branch="false" hits="1"/>
            <line number="38" branch="false" hits="1"/>
            <line number="39" branch="false" hits="0"/>
            <line number="40" branch="false" hits="1"/>
            <line number="41" branch="false" hits="1"/>
            <line number="42" branch="false" hits="1"/>
            <line number="47" branch="false" hits="0"/>
            <line number="48" branch="false" hits="0"/>
            <line number="49" branch="false" hits="0"/>
            <line number="50" branch="false" hits="0"/>
            <line number="51" branch="false" hits="0"/>
            <line number="52" branch="false" hits="0"/>
            <line number="53" branch="false" hits="0"/>
            <line number="54" branch="false" hits="0"/>
            <line number="55" branch="false" hits="0"/>
            <line number="56" branch="false" hits="0"/>
            <line number="57" branch="false" hits="0"/>
            <line number="58" branch="false" hits="0"/>
            <line number="59" branch="false" hits="0"/>
            <line number="60" branch="false" hits="0"/>
            <line number="61" branch="false" hits="0"/>
            <line number="62" branch="false" hits="0"/>
            <line number="63" branch="false" hits="0"/>
            <line number="64" branch="false" hits="0"/>
            <line number="65" branch="false" hits="0"/>
            <line number="66" branch="false" hits="0"/>
            <line number="67" branch="false" hits="0"/>
            <line number="68" branch="false" hits="0"/>
            <line number="69" branch="false" hits="0"/>
            <line number="70" branch="false" hits="0"/>
            <line number="71" branch="false" hits="0"/>
            <line number="77" branch="false" hits="0"/>
            <line number="78" branch="false" hits="0"/>
            <line number="79" branch="false" hits="0"/>
            <line number="80" branch="false" hits="0"/>
            <line number="81" branch="false" hits="0"/>
            <line number="82" branch="false" hits="0"/>
            <line number="93" branch="false" hits="0"/>
            <line number="94" branch="false" hits="0"/>
            <line number="95" branch="false" hits="0"/>
            <line number="96" branch="false" hits="0"/>
            <line number="97" branch="false" hits="0"/>
            <line number="98" branch="false" hits="0"/>
            <line number="99" branch="false" hits="0"/>
            <line number="100" branch="false" hits="0"/>
            <line number="101" branch="false" hits="0"/>
            <line number="102" branch="false" hits="0"/>
            <line number="103" branch="false" hits="0"/>
            <line number="104" branch="false" hits="0"/>
            <line number="105" branch="false" hits="0"/>
            <line number="106" branch="false" hits="0"/>
            <line number="107" branch="false" hits="0"/>
            <line number="108" branch="false" hits="0"/>
            <line number="109" branch="false" hits="0"/>
            <line number="110" branch="false" hits="0"/>
            <line number="111" branch="false" hits="0"/>
            <line number="112" branch="false" hits="0"/>
            <line number="113" branch="false" hits="0"/>
            <line number="114" branch="false" hits="0"/>
            <line number="119" branch="false" hits="1"/>
            <line number="120" branch="false" hits="1"/>
            <line number="121" branch="false" hits="1"/>
            <line number="122" branch="false" hits="0"/>
            <line number="123" branch="false" hits="1"/>
            <line number="124" branch="false" hits="1"/>
            <line number="125" branch="false" hits="1"/>
            <line number="130" branch="false" hits="1"/>
            <line number="131" branch="false" hits="1"/>
            <line number="132" branch="false" hits="1"/>
            <line number="137" branch="false" hits="1"/>
            <line number="138" branch="false" hits="1"/>
            <line number="139" branch="false" hits="1"/>
            <line number="175" branch="false" hits="0"/>
            <line number="176" branch="false" hits="0"/>
            <line number="177" branch="false" hits="0"/>
            <line number="178" branch="false" hits="0"/>
            <line number="179" branch="false" hits="0"/>
            <line number="180" branch="false" hits="0"/>
            <line number="181" branch="false" hits="0"/>
            <line number="182" branch="false" hits="0"/>
            <line number="183" branch="false" hits="0"/>
            <line number="212" branch="false" hits="0"/>
          </lines>
        </class>
      </classes>
    </package>
    <package name="Sources.Models" line-rate="0.3000000000000000" branch-rate="1.0000000000000000" complexity="0.0">
      <classes>
        <class name="TezosBalance" filename="Sources/Models/TezosBalance.swift" line-rate="0.0000000000000000" branch-rate="1.0000000000000000" complexity="0.0">
          <methods/>
          <lines>
            <line number="25" branch="false" hits="0"/>
            <line number="26" branch="false" hits="0"/>
            <line number="27" branch="false" hits="0"/>
            <line number="32" branch="false" hits="0"/>
            <line number="33" branch="false" hits="0"/>
            <line number="34" branch="false" hits="0"/>
            <line number="42" branch="false" hits="0"/>
            <line number="43" branch="false" hits="0"/>
            <line number="44" branch="false" hits="0"/>
            <line number="45" branch="false" hits="0"/>
            <line number="46" branch="false" hits="0"/>
            <line number="47" branch="false" hits="0"/>
            <line number="48" branch="false" hits="0"/>
            <line number="49" branch="false" hits="0"/>
            <line number="50" branch="false" hits="0"/>
            <line number="51" branch="false" hits="0"/>
            <line number="52" branch="false" hits="0"/>
            <line number="53" branch="false" hits="0"/>
            <line number="54" branch="false" hits="0"/>
            <line number="59" branch="false" hits="0"/>
            <line number="60" branch="false" hits="0"/>
            <line number="61" branch="false" hits="0"/>
            <line number="62" branch="false" hits="0"/>
            <line number="63" branch="false" hits="0"/>
            <line number="64" branch="false" hits="0"/>
            <line number="65" branch="false" hits="0"/>
            <line number="66" branch="false" hits="0"/>
            <line number="67" branch="false" hits="0"/>
            <line number="68" branch="false" hits="0"/>
            <line number="69" branch="false" hits="0"/>
            <line number="70" branch="false" hits="0"/>
            <line number="71" branch="false" hits="0"/>
            <line number="72" branch="false" hits="0"/>
            <line number="73" branch="false" hits="0"/>
            <line number="74" branch="false" hits="0"/>
            <line number="75" branch="false" hits="0"/>
            <line number="76" branch="false" hits="0"/>
            <line number="77" branch="false" hits="0"/>
            <line number="78" branch="false" hits="0"/>
            <line number="79" branch="false" hits="0"/>
            <line number="80" branch="false" hits="0"/>
          </lines>
        </class>
        <class name="Wallet" filename="Sources/Models/Wallet.swift" line-rate="0.7241379310344828" branch-rate="1.0000000000000000" complexity="0.0">
          <methods/>
          <lines>
            <line number="30" branch="false" hits="0"/>
            <line number="31" branch="false" hits="0"/>
            <line number="32" branch="false" hits="0"/>
            <line number="33" branch="false" hits="0"/>
            <line number="34" branch="false" hits="0"/>
            <line number="35" branch="false" hits="0"/>
            <line number="44" branch="false" hits="1"/>
            <line number="45" branch="false" hits="1"/>
            <line number="46" branch="false" hits="1"/>
            <line number="47" branch="false" hits="0"/>
            <line number="48" branch="false" hits="1"/>
            <line number="49" branch="false" hits="1"/>
            <line number="50" branch="false" hits="1"/>
            <line number="51" branch="false" hits="1"/>
            <line number="52" branch="false" hits="1"/>
            <line number="53" branch="false" hits="1"/>
            <line number="54" branch="false" hits="1"/>
            <line number="61" branch="false" hits="1"/>
            <line number="62" branch="false" hits="1"/>
            <line number="63" branch="false" hits="1"/>
            <line number="64" branch="false" hits="0"/>
            <line number="65" branch="false" hits="1"/>
            <line number="66" branch="false" hits="1"/>
            <line number="67" branch="false" hits="1"/>
            <line number="70" branch="false" hits="2"/>
            <line number="71" branch="false" hits="2"/>
            <line number="72" branch="false" hits="2"/>
            <line number="73" branch="false" hits="2"/>
            <line number="74" branch="false" hits="2"/>
          </lines>
        </class>
      </classes>
    </package>
    <package name="Sources.Operation" line-rate="0.0000000000000000" branch-rate="1.0000000000000000" complexity="0.0">
      <classes>
        <class name="AbstractOperation" filename="Sources/Operation/AbstractOperation.swift" line-rate="0.0000000000000000" branch-rate="1.0000000000000000" complexity="0.0">
          <methods/>
          <lines>
            <line number="20" branch="false" hits="0"/>
            <line number="21" branch="false" hits="0"/>
            <line number="22" branch="false" hits="0"/>
            <line number="23" branch="false" hits="0"/>
            <line number="24" branch="false" hits="0"/>
            <line number="25" branch="false" hits="0"/>
            <line number="26" branch="false" hits="0"/>
            <line number="27" branch="false" hits="0"/>
            <line number="29" branch="false" hits="0"/>
            <line number="30" branch="false" hits="0"/>
            <line number="31" branch="false" hits="0"/>
            <line number="32" branch="false" hits="0"/>
            <line number="33" branch="false" hits="0"/>
            <line number="34" branch="false" hits="0"/>
            <line number="35" branch="false" hits="0"/>
            <line number="36" branch="false" hits="0"/>
            <line number="37" branch="false" hits="0"/>
            <line number="38" branch="false" hits="0"/>
            <line number="44" branch="false" hits="0"/>
            <line number="45" branch="false" hits="0"/>
            <line number="46" branch="false" hits="0"/>
            <line number="47" branch="false" hits="0"/>
            <line number="48" branch="false" hits="0"/>
            <line number="49" branch="false" hits="0"/>
            <line number="50" branch="false" hits="0"/>
          </lines>
        </class>
        <class name="DelegationOperation" filename="Sources/Operation/DelegationOperation.swift" line-rate="0.0000000000000000" branch-rate="1.0000000000000000" complexity="0.0">
          <methods/>
          <lines>
            <line number="8" branch="false" hits="0"/>
            <line number="9" branch="false" hits="0"/>
            <line number="10" branch="false" hits="0"/>
            <line number="11" branch="false" hits="0"/>
            <line number="12" branch="false" hits="0"/>
            <line number="18" branch="false" hits="0"/>
            <line number="19" branch="false" hits="0"/>
            <line number="20" branch="false" hits="0"/>
            <line number="21" branch="false" hits="0"/>
          </lines>
        </class>
        <class name="RegisterDelegateOperation" filename="Sources/Operation/RegisterDelegateOperation.swift" line-rate="0.0000000000000000" branch-rate="1.0000000000000000" complexity="0.0">
          <methods/>
          <lines>
            <line number="8" branch="false" hits="0"/>
            <line number="9" branch="false" hits="0"/>
            <line number="10" branch="false" hits="0"/>
            <line number="11" branch="false" hits="0"/>
            <line number="12" branch="false" hits="0"/>
            <line number="17" branch="false" hits="0"/>
            <line number="18" branch="false" hits="0"/>
            <line number="19" branch="false" hits="0"/>
            <line number="20" branch="false" hits="0"/>
          </lines>
        </class>
        <class name="RevealOperation" filename="Sources/Operation/RevealOperation.swift" line-rate="0.0000000000000000" branch-rate="1.0000000000000000" complexity="0.0">
          <methods/>
          <lines>
            <line number="10" branch="false" hits="0"/>
            <line number="11" branch="false" hits="0"/>
            <line number="12" branch="false" hits="0"/>
            <line number="13" branch="false" hits="0"/>
            <line number="14" branch="false" hits="0"/>
            <line number="24" branch="false" hits="0"/>
            <line number="25" branch="false" hits="0"/>
            <line number="26" branch="false" hits="0"/>
            <line number="34" branch="false" hits="0"/>
            <line number="35" branch="false" hits="0"/>
            <line number="36" branch="false" hits="0"/>
            <line number="37" branch="false" hits="0"/>
            <line number="38" branch="false" hits="0"/>
            <line number="39" branch="false" hits="0"/>
            <line number="40" branch="false" hits="0"/>
            <line number="41" branch="false" hits="0"/>
          </lines>
        </class>
        <class name="TransactionOperation" filename="Sources/Operation/TransactionOperation.swift" line-rate="0.0000000000000000" branch-rate="1.0000000000000000" complexity="0.0">
          <methods/>
          <lines>
            <line number="8" branch="false" hits="0"/>
            <line number="9" branch="false" hits="0"/>
            <line number="10" branch="false" hits="0"/>
            <line number="11" branch="false" hits="0"/>
            <line number="12" branch="false" hits="0"/>
            <line number="13" branch="false" hits="0"/>
            <line number="14" branch="false" hits="0"/>
            <line number="21" branch="false" hits="0"/>
            <line number="22" branch="false" hits="0"/>
            <line number="23" branch="false" hits="0"/>
            <line number="30" branch="false" hits="0"/>
            <line number="31" branch="false" hits="0"/>
            <line number="32" branch="false" hits="0"/>
            <line number="33" branch="false" hits="0"/>
            <line number="34" branch="false" hits="0"/>
            <line number="35" branch="false" hits="0"/>
          </lines>
        </class>
      </classes>
    </package>
    <package name="Sources.RPC" line-rate="0.0000000000000000" branch-rate="1.0000000000000000" complexity="0.0">
      <classes>
        <class name="ForgeOperationRPC" filename="Sources/RPC/ForgeOperationRPC.swift" line-rate="0.0000000000000000" branch-rate="1.0000000000000000" complexity="0.0">
          <methods/>
          <lines>
            <line number="17" branch="false" hits="0"/>
            <line number="18" branch="false" hits="0"/>
            <line number="19" branch="false" hits="0"/>
            <line number="20" branch="false" hits="0"/>
            <line number="21" branch="false" hits="0"/>
            <line number="22" branch="false" hits="0"/>
            <line number="23" branch="false" hits="0"/>
          </lines>
        </class>
        <class name="GetAddressBalanceRPC" filename="Sources/RPC/GetAddressBalanceRPC.swift" line-rate="0.0000000000000000" branch-rate="1.0000000000000000" complexity="0.0">
          <methods/>
          <lines>
            <line number="12" branch="false" hits="0"/>
            <line number="13" branch="false" hits="0"/>
            <line number="14" branch="false" hits="0"/>
            <line number="15" branch="false" hits="0"/>
            <line number="16" branch="false" hits="0"/>
            <line number="17" branch="false" hits="0"/>
          </lines>
        </class>
        <class name="GetAddressCounterRPC" filename="Sources/RPC/GetAddressCounterRPC.swift" line-rate="0.0000000000000000" branch-rate="1.0000000000000000" complexity="0.0">
          <methods/>
          <lines>
            <line number="12" branch="false" hits="0"/>
            <line number="13" branch="false" hits="0"/>
            <line number="14" branch="false" hits="0"/>
            <line number="15" branch="false" hits="0"/>
            <line number="16" branch="false" hits="0"/>
            <line number="17" branch="false" hits="0"/>
          </lines>
        </class>
        <class name="GetAddressDelegateRPC" filename="Sources/RPC/GetAddressDelegateRPC.swift" line-rate="0.0000000000000000" branch-rate="1.0000000000000000" complexity="0.0">
          <methods/>
          <lines>
            <line number="12" branch="false" hits="0"/>
            <line number="13" branch="false" hits="0"/>
            <line number="14" branch="false" hits="0"/>
            <line number="15" branch="false" hits="0"/>
            <line number="16" branch="false" hits="0"/>
            <line number="17" branch="false" hits="0"/>
          </lines>
        </class>
        <class name="GetAddressManagerKeyRPC" filename="Sources/RPC/GetAddressManagerKeyRPC.swift" line-rate="0.0000000000000000" branch-rate="1.0000000000000000" complexity="0.0">
          <methods/>
          <lines>
            <line number="11" branch="false" hits="0"/>
            <line number="12" branch="false" hits="0"/>
            <line number="13" branch="false" hits="0"/>
            <line number="14" branch="false" hits="0"/>
            <line number="15" branch="false" hits="0"/>
            <line number="16" branch="false" hits="0"/>
          </lines>
        </class>
        <class name="GetChainHeadHashRPC" filename="Sources/RPC/GetChainHeadHashRPC.swift" line-rate="0.0000000000000000" branch-rate="1.0000000000000000" complexity="0.0">
          <methods/>
          <lines>
            <line number="11" branch="false" hits="0"/>
            <line number="12" branch="false" hits="0"/>
            <line number="13" branch="false" hits="0"/>
            <line number="14" branch="false" hits="0"/>
            <line number="15" branch="false" hits="0"/>
            <line number="16" branch="false" hits="0"/>
          </lines>
        </class>
        <class name="GetChainHeadRPC" filename="Sources/RPC/GetChainHeadRPC.swift" line-rate="0.0000000000000000" branch-rate="1.0000000000000000" complexity="0.0">
          <methods/>
          <lines>
            <line number="11" branch="false" hits="0"/>
            <line number="12" branch="false" hits="0"/>
            <line number="13" branch="false" hits="0"/>
            <line number="14" branch="false" hits="0"/>
            <line number="15" branch="false" hits="0"/>
            <line number="16" branch="false" hits="0"/>
          </lines>
        </class>
        <class name="InjectOperationRPC" filename="Sources/RPC/InjectOperationRPC.swift" line-rate="0.0000000000000000" branch-rate="1.0000000000000000" complexity="0.0">
          <methods/>
          <lines>
            <line number="13" branch="false" hits="0"/>
            <line number="14" branch="false" hits="0"/>
            <line number="15" branch="false" hits="0"/>
            <line number="16" branch="false" hits="0"/>
            <line number="17" branch="false" hits="0"/>
            <line number="18" branch="false" hits="0"/>
            <line number="19" branch="false" hits="0"/>
          </lines>
        </class>
        <class name="PreapplyOperationRPC" filename="Sources/RPC/PreapplyOperationRPC.swift" line-rate="0.0000000000000000" branch-rate="1.0000000000000000" complexity="0.0">
          <methods/>
          <lines>
            <line number="17" branch="false" hits="0"/>
            <line number="18" branch="false" hits="0"/>
            <line number="19" branch="false" hits="0"/>
            <line number="20" branch="false" hits="0"/>
            <line number="21" branch="false" hits="0"/>
            <line number="22" branch="false" hits="0"/>
            <line number="23" branch="false" hits="0"/>
          </lines>
        </class>
        <class name="TezosRPC" filename="Sources/RPC/TezosRPC.swift" line-rate="0.0000000000000000" branch-rate="1.0000000000000000" complexity="0.0">
          <methods/>
          <lines>
            <line number="21" branch="false" hits="0"/>
            <line number="22" branch="false" hits="0"/>
            <line number="23" branch="false" hits="0"/>
            <line number="24" branch="false" hits="0"/>
            <line number="25" branch="false" hits="0"/>
            <line number="26" branch="false" hits="0"/>
            <line number="43" branch="false" hits="0"/>
            <line number="44" branch="false" hits="0"/>
            <line number="45" branch="false" hits="0"/>
            <line number="46" branch="false" hits="0"/>
            <line number="47" branch="false" hits="0"/>
            <line number="48" branch="false" hits="0"/>
            <line number="59" branch="false" hits="0"/>
            <line number="60" branch="false" hits="0"/>
            <line number="61" branch="false" hits="0"/>
            <line number="62" branch="false" hits="0"/>
            <line number="63" branch="false" hits="0"/>
            <line number="64" branch="false" hits="0"/>
            <line number="65" branch="false" hits="0"/>
            <line number="66" branch="false" hits="0"/>
            <line number="67" branch="false" hits="0"/>
            <line number="68" branch="false" hits="0"/>
            <line number="69" branch="false" hits="0"/>
            <line number="70" branch="false" hits="0"/>
            <line number="71" branch="false" hits="0"/>
            <line number="72" branch="false" hits="0"/>
            <line number="73" branch="false" hits="0"/>
            <line number="74" branch="false" hits="0"/>
            <line number="75" branch="false" hits="0"/>
            <line number="76" branch="false" hits="0"/>
          </lines>
        </class>
        <class name="TypeCheckCodeRPC" filename="Sources/RPC/TypeCheckCodeRPC.swift" line-rate="0.0000000000000000" branch-rate="1.0000000000000000" complexity="0.0">
          <methods/>
          <lines>
            <line number="9" branch="false" hits="0"/>
            <line number="10" branch="false" hits="0"/>
            <line number="11" branch="false" hits="0"/>
            <line number="12" branch="false" hits="0"/>
            <line number="13" branch="false" hits="0"/>
            <line number="14" branch="false" hits="0"/>
            <line number="15" branch="false" hits="0"/>
            <line number="16" branch="false" hits="0"/>
            <line number="17" branch="false" hits="0"/>
            <line number="18" branch="false" hits="0"/>
            <line number="19" branch="false" hits="0"/>
            <line number="20" branch="false" hits="0"/>
          </lines>
        </class>
      </classes>
    </package>
    <package name="Sources.RPC.ResponseAdapters" line-rate="0.0000000000000000" branch-rate="1.0000000000000000" complexity="0.0">
      <classes>
        <class name="AbstractResponseAdapter" filename="Sources/RPC/ResponseAdapters/AbstractResponseAdapter.swift" line-rate="0.0000000000000000" branch-rate="1.0000000000000000" complexity="0.0">
          <methods/>
          <lines>
            <line number="8" branch="false" hits="0"/>
            <line number="9" branch="false" hits="0"/>
            <line number="10" branch="false" hits="0"/>
            <line number="13" branch="false" hits="0"/>
          </lines>
        </class>
        <class name="IntegerResponseAdapter" filename="Sources/RPC/ResponseAdapters/IntegerResponseAdapter.swift" line-rate="0.0000000000000000" branch-rate="1.0000000000000000" complexity="0.0">
          <methods/>
          <lines>
            <line number="7" branch="false" hits="0"/>
            <line number="8" branch="false" hits="0"/>
            <line number="9" branch="false" hits="0"/>
            <line number="10" branch="false" hits="0"/>
            <line number="11" branch="false" hits="0"/>
            <line number="12" branch="false" hits="0"/>
            <line number="13" branch="false" hits="0"/>
          </lines>
        </class>
        <class name="JSONArrayResponseAdapter" filename="Sources/RPC/ResponseAdapters/JSONArrayResponseAdapter.swift" line-rate="0.0000000000000000" branch-rate="1.0000000000000000" complexity="0.0">
          <methods/>
          <lines>
            <line number="7" branch="false" hits="0"/>
            <line number="8" branch="false" hits="0"/>
            <line number="9" branch="false" hits="0"/>
            <line number="10" branch="false" hits="0"/>
            <line number="11" branch="false" hits="0"/>
            <line number="12" branch="false" hits="0"/>
            <line number="13" branch="false" hits="0"/>
            <line number="14" branch="false" hits="0"/>
            <line number="15" branch="false" hits="0"/>
            <line number="16" branch="false" hits="0"/>
            <line number="17" branch="false" hits="0"/>
          </lines>
        </class>
        <class name="JSONDictionaryResponseAdapter" filename="Sources/RPC/ResponseAdapters/JSONDictionaryResponseAdapter.swift" line-rate="0.0000000000000000" branch-rate="1.0000000000000000" complexity="0.0">
          <methods/>
          <lines>
            <line number="7" branch="false" hits="0"/>
            <line number="8" branch="false" hits="0"/>
            <line number="9" branch="false" hits="0"/>
            <line number="10" branch="false" hits="0"/>
            <line number="11" branch="false" hits="0"/>
            <line number="12" branch="false" hits="0"/>
            <line number="13" branch="false" hits="0"/>
            <line number="14" branch="false" hits="0"/>
            <line number="15" branch="false" hits="0"/>
            <line number="16" branch="false" hits="0"/>
            <line number="17" branch="false" hits="0"/>
          </lines>
        </class>
        <class name="StringResponseAdapter" filename="Sources/RPC/ResponseAdapters/StringResponseAdapter.swift" line-rate="0.0000000000000000" branch-rate="1.0000000000000000" complexity="0.0">
          <methods/>
          <lines>
            <line number="10" branch="false" hits="0"/>
            <line number="11" branch="false" hits="0"/>
            <line number="12" branch="false" hits="0"/>
            <line number="13" branch="false" hits="0"/>
            <line number="14" branch="false" hits="0"/>
            <line number="15" branch="false" hits="0"/>
          </lines>
        </class>
        <class name="TezosBalanceResponseAdapter" filename="Sources/RPC/ResponseAdapters/TezosBalanceResponseAdapter.swift" line-rate="0.0000000000000000" branch-rate="1.0000000000000000" complexity="0.0">
          <methods/>
          <lines>
            <line number="7" branch="false" hits="0"/>
            <line number="8" branch="false" hits="0"/>
            <line number="9" branch="false" hits="0"/>
            <line number="10" branch="false" hits="0"/>
            <line number="11" branch="false" hits="0"/>
            <line number="12" branch="false" hits="0"/>
          </lines>
        </class>
      </classes>
    </package>
    <package name="Sources.Utils" line-rate="0.5714285714285714" branch-rate="1.0000000000000000" complexity="0.0">
      <classes>
        <class name="JSONUtils" filename="Sources/Utils/JSONUtils.swift" line-rate="0.9000000000000000" branch-rate="1.0000000000000000" complexity="0.0">
          <methods/>
          <lines>
            <line number="11" branch="false" hits="2"/>
            <line number="12" branch="false" hits="2"/>
            <line number="13" branch="false" hits="2"/>
            <line number="18" branch="false" hits="4"/>
            <line number="19" branch="false" hits="4"/>
            <line number="20" branch="false" hits="4"/>
            <line number="25" branch="false" hits="3"/>
            <line number="26" branch="false" hits="3"/>
            <line number="27" branch="false" hits="3"/>
            <line number="47" branch="false" hits="0"/>
          </lines>
        </class>
        <class name="MnemonicUtil" filename="Sources/Utils/MnemonicUtil.swift" line-rate="0.3888888888888889" branch-rate="1.0000000000000000" complexity="0.0">
          <methods/>
          <lines>
            <line number="12" branch="false" hits="0"/>
            <line number="13" branch="false" hits="0"/>
            <line number="14" branch="false" hits="0"/>
            <line number="15" branch="false" hits="0"/>
            <line number="16" branch="false" hits="0"/>
            <line number="17" branch="false" hits="0"/>
            <line number="18" branch="false" hits="0"/>
            <line number="26" branch="false" hits="1"/>
            <line number="27" branch="false" hits="1"/>
            <line number="28" branch="false" hits="1"/>
            <line number="29" branch="false" hits="1"/>
            <line number="30" branch="false" hits="1"/>
            <line number="31" branch="false" hits="1"/>
            <line number="32" branch="false" hits="1"/>
            <line number="33" branch="false" hits="0"/>
            <line number="34" branch="false" hits="0"/>
            <line number="35" branch="false" hits="0"/>
            <line number="38" branch="false" hits="0"/>
          </lines>
        </class>
      </classes>
    </package>
  </packages>
</coverage>
